#
# A fatal error has been detected by the Java Runtime Environment:
#
#  SIGSEGV (0xb) at pc=0x00007f86ae48d2e9, pid=7415, tid=0x00007f866c28e700
#
# JRE version: OpenJDK Runtime Environment (8.0_232-b09) (build 1.8.0_232-8u232-b09-0ubuntu1~18.04.1-b09)
# Java VM: OpenJDK 64-Bit Server VM (25.232-b09 mixed mode linux-amd64 compressed oops)
# Problematic frame:
# V  [libjvm.so+0x4dd2e9]
#
# Failed to write core dump. Core dumps have been disabled. To enable core dumping, try "ulimit -c unlimited" before starting Java again
#
# If you would like to submit a bug report, please visit:
#   http://bugreport.java.com/bugreport/crash.jsp
#

---------------  T H R E A D  ---------------

Current thread (0x00007f86a81cc800):  VMThread [stack: 0x00007f866c18f000,0x00007f866c28f000] [id=7430]

siginfo: si_signo: 11 (SIGSEGV), si_code: 1 (SEGV_MAPERR), si_addr: 0x0000000000000019

Registers:
RAX=0x0000000000000002, RBX=0x00007f869618c540, RCX=0x0000000000000008, RDX=0x0000000000000019
RSP=0x00007f866c28d860, RBP=0x00007f866c28d8a0, RSI=0x00000007c007ead8, RDI=0x0000000000000019
R8 =0x00007f869618c290, R9 =0x0000000000000002, R10=0x00007f86afbd56f0, R11=0x0000000000000000
R12=0x00000007c007ead8, R13=0x00007f869618c530, R14=0x00000007c007ead8, R15=0x0000000000000000
RIP=0x00007f86ae48d2e9, EFLAGS=0x0000000000010202, CSGSFS=0x002b000000000033, ERR=0x0000000000000004
  TRAPNO=0x000000000000000e

Top of Stack: (sp=0x00007f866c28d860)
0x00007f866c28d860:   00007f866c28d8df 0000003200000009
0x00007f866c28d870:   0000000000000000 00000007c007ecb8
0x00007f866c28d880:   00007f866c28d920 00007f866c28d8e0
0x00007f866c28d890:   00000007c007ead8 00007f866c28d8f0
0x00007f866c28d8a0:   00007f866c28d990 00007f86ae715a26
0x00007f866c28d8b0:   00007f8696192d28 0000000000000002
0x00007f866c28d8c0:   00000007c007ead8 0000000100000001
0x00007f866c28d8d0:   00007f866c28d960 00007f86af6152ed
0x00007f866c28d8e0:   00007f869618c290 00007f86a81cc800
0x00007f866c28d8f0:   00007f869618c290 00007f86a81cc800
0x00007f866c28d900:   00007f866c28d940 00000007c007f438
0x00007f866c28d910:   00000007c007ead8 00007f86aef178d0
0x00007f866c28d920:   00007f86a81cc800 00007f86a81cd090
0x00007f866c28d930:   00007f86a81cd0d0 00007f86a81cd0e0
0x00007f866c28d940:   00007f86a81cd1b8 00000000000000d8
0x00007f866c28d950:   00007f866c28da50 6f68c24151332500
0x00007f866c28d960:   0000000000000000 00000007c007ecb8
0x00007f866c28d970:   00007f866c28da00 00007f86a82070b0
0x00007f866c28d980:   00000007c007f438 00007f86a81cc800
0x00007f866c28d990:   00007f866c28d9c0 00007f86ae3eff2c
0x00007f866c28d9a0:   0000000000000000 00000007c007ead8
0x00007f866c28d9b0:   0000000000000000 0000000000000000
0x00007f866c28d9c0:   00007f866c28dac0 00007f86ae71f99c
0x00007f866c28d9d0:   00000000000003d8 00007f866c28da50
0x00007f866c28d9e0:   00007f86a805b0b0 0000000198709d60
0x00007f866c28d9f0:   00007f86a8050000 00007f8667bf7930
0x00007f866c28da00:   00007f86aee5db28 00007f869870a100
0x00007f866c28da10:   00007f86a81cc800 00007f866c28d9a0
0x00007f866c28da20:   0000000000000000 00007f86a800f800
0x00007f866c28da30:   0000000000000001 6f68c24151332500
0x00007f866c28da40:   00007f866c28da60 00007f86ae826b17
0x00007f866c28da50:   00007f86a81cc800 00007f86a81cd090 

Instructions: (pc=0x00007f86ae48d2e9)
0x00007f86ae48d2c9:   89 55 c0 e9 a3 00 00 00 0f 1f 80 00 00 00 00 48
0x00007f86ae48d2d9:   8b 53 08 48 85 d2 0f 84 82 00 00 00 48 8b 7b 08
0x00007f86ae48d2e9:   48 8b 07 ff 50 10 84 c0 0f 84 99 00 00 00 4c 8b
0x00007f86ae48d2f9:   73 08 4d 85 f6 0f 84 9c 00 00 00 49 8b 06 48 8d 

Register to memory mapping:

RAX=0x0000000000000002 is an unknown value
RBX=0x00007f869618c540 is pointing into metadata
RCX=0x0000000000000008 is an unknown value
RDX=0x0000000000000019 is an unknown value
RSP=0x00007f866c28d860 is an unknown value
RBP=0x00007f866c28d8a0 is an unknown value
RSI=0x00000007c007ead8 is pointing into metadata
RDI=0x0000000000000019 is an unknown value
R8 =0x00007f869618c290 is pointing into metadata
R9 =0x0000000000000002 is an unknown value
R10=0x00007f86afbd56f0 is an unknown value
R11=0x0000000000000000 is an unknown value
R12=0x00000007c007ead8 is pointing into metadata
R13=0x00007f869618c530 is pointing into metadata
R14=0x00000007c007ead8 is pointing into metadata
R15=0x0000000000000000 is an unknown value


Stack: [0x00007f866c18f000,0x00007f866c28f000],  sp=0x00007f866c28d860,  free space=1018k
Native frames: (J=compiled Java code, j=interpreted, Vv=VM code, C=native code)
V  [libjvm.so+0x4dd2e9]
V  [libjvm.so+0x765a26]
V  [libjvm.so+0x43ff2c]
V  [libjvm.so+0x76f99c]
V  [libjvm.so+0x76fd34]
V  [libjvm.so+0xac0eb6]
V  [libjvm.so+0xabf1b5]
V  [libjvm.so+0xabfa8d]
V  [libjvm.so+0xabfe98]
V  [libjvm.so+0x8f2782]

VM_Operation (0x00007f8667bf7930): RedefineClasses, mode: safepoint, requested by thread 0x00007f86a8216000, redefining class DB_conn_example



---------------  P R O C E S S  ---------------

Java Threads: ( => current thread )
  0x00007f86a837c800 JavaThread "Service Thread" daemon [_thread_blocked, id=7448, stack(0x00007f8666fc6000,0x00007f86670c7000)]
  0x00007f86a836f000 JavaThread "C1 CompilerThread3" daemon [_thread_blocked, id=7447, stack(0x00007f86670c8000,0x00007f86671c8000)]
  0x00007f86a836c800 JavaThread "C2 CompilerThread2" daemon [_thread_blocked, id=7446, stack(0x00007f86671c9000,0x00007f86672c9000)]
  0x00007f86a836a800 JavaThread "C2 CompilerThread1" daemon [_thread_blocked, id=7445, stack(0x00007f86672ca000,0x00007f86673ca000)]
  0x00007f86a8369000 JavaThread "C2 CompilerThread0" daemon [_thread_blocked, id=7444, stack(0x00007f86673cb000,0x00007f86674cb000)]
  0x00007f8658001000 JavaThread "JDWP Command Reader" daemon [_thread_in_native, id=7439, stack(0x00007f86678f6000,0x00007f86679f7000)]
  0x00007f86a821a000 JavaThread "JDWP Event Helper Thread" daemon [_thread_blocked, id=7437, stack(0x00007f86679f7000,0x00007f8667af8000)]
  0x00007f86a8216000 JavaThread "JDWP Transport Listener: dt_socket" daemon [_thread_blocked, id=7435, stack(0x00007f8667af8000,0x00007f8667bf9000)]
  0x00007f86a820a000 JavaThread "Signal Dispatcher" daemon [_thread_blocked, id=7433, stack(0x00007f8667dfe000,0x00007f8667eff000)]
  0x00007f86a81d9000 JavaThread "Finalizer" daemon [_thread_blocked, id=7432, stack(0x00007f8667eff000,0x00007f8668000000)]
  0x00007f86a81d6800 JavaThread "Reference Handler" daemon [_thread_blocked, id=7431, stack(0x00007f866c08d000,0x00007f866c18e000)]
  0x00007f86a800f800 JavaThread "main" [_thread_blocked, id=7421, stack(0x00007f86afc7b000,0x00007f86afd7b000)]

Other Threads:
=>0x00007f86a81cc800 VMThread [stack: 0x00007f866c18f000,0x00007f866c28f000] [id=7430]
  0x00007f86a837f000 WatcherThread [stack: 0x00007f8666ec6000,0x00007f8666fc6000] [id=7449]

VM state:at safepoint (normal execution)

VM Mutex/Monitor currently owned by a thread:  ([mutex/lock_event])
[0x00007f86a800c100] Threads_lock - owner thread: 0x00007f86a81cc800

heap address: 0x00000006c7200000, size: 3982 MB, Compressed Oops mode: Zero based, Oop shift amount: 3
Narrow klass base: 0x0000000000000000, Narrow klass shift: 3
Compressed class space size: 1073741824 Address: 0x00000007c0000000

Heap:
 PSYoungGen      total 74752K, used 7775K [0x000000076d100000, 0x0000000772400000, 0x00000007c0000000)
  eden space 64512K, 12% used [0x000000076d100000,0x000000076d897e78,0x0000000771000000)
  from space 10240K, 0% used [0x0000000771a00000,0x0000000771a00000,0x0000000772400000)
  to   space 10240K, 0% used [0x0000000771000000,0x0000000771000000,0x0000000771a00000)
 ParOldGen       total 171008K, used 0K [0x00000006c7200000, 0x00000006d1900000, 0x000000076d100000)
  object space 171008K, 0% used [0x00000006c7200000,0x00000006c7200000,0x00000006d1900000)
 Metaspace       used 4997K, capacity 5042K, committed 5248K, reserved 1056768K
  class space    used 507K, capacity 529K, committed 640K, reserved 1048576K

Card table byte_map: [0x00007f8697a2d000,0x00007f86981f5000] byte_map_base: 0x00007f86943f4000

Marking Bits: (ParMarkBitMap*) 0x00007f86aef21380
 Begin Bits: [0x00007f866c390000, 0x00007f86701c8000)
 End Bits:   [0x00007f86701c8000, 0x00007f8674000000)

Polling page: 0x00007f86afda2000

CodeCache: size=245760Kb used=1360Kb max_used=1360Kb free=244399Kb
 bounds [0x00007f86985b5000, 0x00007f8698825000, 0x00007f86a75b5000]
 total_blobs=415 nmethods=126 adapters=212
 compilation: enabled

Compilation events (10 events):
Event: 33.544 Thread 0x00007f86a836f000 nmethod 122 0x00007f8698707650 code [0x00007f86987077c0, 0x00007f8698707a28]
Event: 117.081 Thread 0x00007f86a836f000  123       3       org.eclipse.jdt.launching.internal.org.objectweb.asm.ClassReader::readUTF8 (23 bytes)
Event: 117.081 Thread 0x00007f86a8369000  126       4       org.eclipse.jdt.launching.internal.org.objectweb.asm.ClassReader::readUnsignedShort (26 bytes)
Event: 117.081 Thread 0x00007f86a836f000 nmethod 123 0x00007f8698706f90 code [0x00007f8698707120, 0x00007f86987074a8]
Event: 117.081 Thread 0x00007f86a836f000  124       3       org.eclipse.jdt.launching.internal.org.objectweb.asm.ClassReader::readUtf (44 bytes)
Event: 117.081 Thread 0x00007f86a836f000 nmethod 124 0x00007f8698709bd0 code [0x00007f8698709d60, 0x00007f869870a1e8]
Event: 117.081 Thread 0x00007f86a836f000  125       3       org.eclipse.jdt.launching.internal.org.objectweb.asm.SymbolTable::hash (10 bytes)
Event: 117.082 Thread 0x00007f86a836f000 nmethod 125 0x00007f8698709790 code [0x00007f8698709900, 0x00007f8698709b08]
Event: 117.082 Thread 0x00007f86a836f000  127       3       org.eclipse.jdt.launching.internal.org.objectweb.asm.ByteVector::putByte (39 bytes)
Event: 117.082 Thread 0x00007f86a836f000 nmethod 127 0x00007f8698709290 code [0x00007f8698709400, 0x00007f8698709648]

GC Heap History (0 events):
No events

Deoptimization events (0 events):
No events

Classes redefined (2 events):
Event: 9.091 Thread 0x00007f86a81cc800 redefined class name=DB_conn_example, count=1
Event: 33.545 Thread 0x00007f86a81cc800 redefined class name=DB_conn_example, count=2

Internal exceptions (5 events):
Event: 0.021 Thread 0x00007f86a800f800 Exception <a 'java/lang/NoSuchMethodError': Method sun.misc.Unsafe.defineClass(Ljava/lang/String;[BII)Ljava/lang/Class; name or signature does not match> (0x000000076d107cb8) thrown at [/build/openjdk-8-4aHi5C/openjdk-8-8u232-b09/src/hotspot/src/share/vm/
Event: 0.021 Thread 0x00007f86a800f800 Exception <a 'java/lang/NoSuchMethodError': Method sun.misc.Unsafe.prefetchRead(Ljava/lang/Object;J)V name or signature does not match> (0x000000076d107fa0) thrown at [/build/openjdk-8-4aHi5C/openjdk-8-8u232-b09/src/hotspot/src/share/vm/prims/jni.cpp, lin
Event: 0.119 Thread 0x00007f86a800f800 Exception <a 'java/util/zip/ZipException'> (0x000000076d17b868) thrown at [/build/openjdk-8-4aHi5C/openjdk-8-8u232-b09/src/hotspot/src/share/vm/prims/jni.cpp, line 710]
Event: 0.119 Thread 0x00007f86a800f800 Exception <a 'java/security/PrivilegedActionException'> (0x000000076d17bfa0) thrown at [/build/openjdk-8-4aHi5C/openjdk-8-8u232-b09/src/hotspot/src/share/vm/prims/jvm.cpp, line 1502]
Event: 0.119 Thread 0x00007f86a800f800 Exception <a 'java/security/PrivilegedActionException'> (0x000000076d17c1b0) thrown at [/build/openjdk-8-4aHi5C/openjdk-8-8u232-b09/src/hotspot/src/share/vm/prims/jvm.cpp, line 1502]

Events (10 events):
Event: 33.701 Executing VM operation: GetOwnedMonitorInfo done
Event: 33.701 Executing VM operation: GetCurrentContendedMonitor
Event: 33.701 Executing VM operation: GetCurrentContendedMonitor done
Event: 40.237 Executing VM operation: ChangeBreakpoints
Event: 40.237 Executing VM operation: ChangeBreakpoints done
Event: 41.456 Executing VM operation: ChangeBreakpoints
Event: 41.457 Executing VM operation: ChangeBreakpoints done
Event: 42.319 Executing VM operation: ChangeBreakpoints
Event: 42.319 Executing VM operation: ChangeBreakpoints done
Event: 117.082 Executing VM operation: RedefineClasses


Dynamic libraries:
6c7200000-6d1900000 rw-p 00000000 00:00 0 
6d1900000-76d100000 ---p 00000000 00:00 0 
76d100000-772400000 rw-p 00000000 00:00 0 
772400000-7c0000000 ---p 00000000 00:00 0 
7c0000000-7c00a0000 rw-p 00000000 00:00 0 
7c00a0000-800000000 ---p 00000000 00:00 0 
558d78ca7000-558d78ca8000 r-xp 00000000 08:05 526495                     /usr/lib/jvm/java-8-openjdk-amd64/jre/bin/java
558d78ea7000-558d78ea8000 r--p 00000000 08:05 526495                     /usr/lib/jvm/java-8-openjdk-amd64/jre/bin/java
558d78ea8000-558d78ea9000 rw-p 00001000 08:05 526495                     /usr/lib/jvm/java-8-openjdk-amd64/jre/bin/java
558d7a0ef000-558d7a110000 rw-p 00000000 00:00 0                          [heap]
7f8634000000-7f8634021000 rw-p 00000000 00:00 0 
7f8634021000-7f8638000000 ---p 00000000 00:00 0 
7f8638000000-7f8638021000 rw-p 00000000 00:00 0 
7f8638021000-7f863c000000 ---p 00000000 00:00 0 
7f863c000000-7f863c1a8000 rw-p 00000000 00:00 0 
7f863c1a8000-7f8640000000 ---p 00000000 00:00 0 
7f8640000000-7f86400e9000 rw-p 00000000 00:00 0 
7f86400e9000-7f8644000000 ---p 00000000 00:00 0 
7f8644000000-7f864410b000 rw-p 00000000 00:00 0 
7f864410b000-7f8648000000 ---p 00000000 00:00 0 
7f8648000000-7f864805c000 rw-p 00000000 00:00 0 
7f864805c000-7f864c000000 ---p 00000000 00:00 0 
7f864c000000-7f864c021000 rw-p 00000000 00:00 0 
7f864c021000-7f8650000000 ---p 00000000 00:00 0 
7f8650000000-7f8650021000 rw-p 00000000 00:00 0 
7f8650021000-7f8654000000 ---p 00000000 00:00 0 
7f8654000000-7f8654021000 rw-p 00000000 00:00 0 
7f8654021000-7f8658000000 ---p 00000000 00:00 0 
7f8658000000-7f8658038000 rw-p 00000000 00:00 0 
7f8658038000-7f865c000000 ---p 00000000 00:00 0 
7f865c000000-7f865c021000 rw-p 00000000 00:00 0 
7f865c021000-7f8660000000 ---p 00000000 00:00 0 
7f8660000000-7f8660021000 rw-p 00000000 00:00 0 
7f8660021000-7f8664000000 ---p 00000000 00:00 0 
7f8666ec5000-7f8666ec6000 ---p 00000000 00:00 0 
7f8666ec6000-7f8666fc6000 rw-p 00000000 00:00 0 
7f8666fc6000-7f8666fc9000 ---p 00000000 00:00 0 
7f8666fc9000-7f86670c7000 rw-p 00000000 00:00 0 
7f86670c7000-7f86670c8000 ---p 00000000 00:00 0 
7f86670c8000-7f86670cb000 ---p 00000000 00:00 0 
7f86670cb000-7f86671c8000 rw-p 00000000 00:00 0 
7f86671c8000-7f86671c9000 ---p 00000000 00:00 0 
7f86671c9000-7f86671cc000 ---p 00000000 00:00 0 
7f86671cc000-7f86672c9000 rw-p 00000000 00:00 0 
7f86672c9000-7f86672ca000 ---p 00000000 00:00 0 
7f86672ca000-7f86672cd000 ---p 00000000 00:00 0 
7f86672cd000-7f86673ca000 rw-p 00000000 00:00 0 
7f86673ca000-7f86673cb000 ---p 00000000 00:00 0 
7f86673cb000-7f86673ce000 ---p 00000000 00:00 0 
7f86673ce000-7f86674cb000 rw-p 00000000 00:00 0 
7f86674cb000-7f86674e2000 r-xp 00000000 08:05 526533                     /usr/lib/jvm/java-8-openjdk-amd64/jre/lib/amd64/libnet.so
7f86674e2000-7f86676e1000 ---p 00017000 08:05 526533                     /usr/lib/jvm/java-8-openjdk-amd64/jre/lib/amd64/libnet.so
7f86676e1000-7f86676e2000 r--p 00016000 08:05 526533                     /usr/lib/jvm/java-8-openjdk-amd64/jre/lib/amd64/libnet.so
7f86676e2000-7f86676e3000 rw-p 00017000 08:05 526533                     /usr/lib/jvm/java-8-openjdk-amd64/jre/lib/amd64/libnet.so
7f86676e3000-7f86676f4000 r-xp 00000000 08:05 526534                     /usr/lib/jvm/java-8-openjdk-amd64/jre/lib/amd64/libnio.so
7f86676f4000-7f86678f4000 ---p 00011000 08:05 526534                     /usr/lib/jvm/java-8-openjdk-amd64/jre/lib/amd64/libnio.so
7f86678f4000-7f86678f5000 r--p 00011000 08:05 526534                     /usr/lib/jvm/java-8-openjdk-amd64/jre/lib/amd64/libnio.so
7f86678f5000-7f86678f6000 rw-p 00012000 08:05 526534                     /usr/lib/jvm/java-8-openjdk-amd64/jre/lib/amd64/libnio.so
7f86678f6000-7f86678f9000 ---p 00000000 00:00 0 
7f86678f9000-7f86679f7000 rw-p 00000000 00:00 0 
7f86679f7000-7f86679fa000 ---p 00000000 00:00 0 
7f86679fa000-7f8667af8000 rw-p 00000000 00:00 0 
7f8667af8000-7f8667afb000 ---p 00000000 00:00 0 
7f8667afb000-7f8667bf9000 rw-p 00000000 00:00 0 
7f8667bf9000-7f8667bfd000 r-xp 00000000 08:05 526514                     /usr/lib/jvm/java-8-openjdk-amd64/jre/lib/amd64/libdt_socket.so
7f8667bfd000-7f8667dfc000 ---p 00004000 08:05 526514                     /usr/lib/jvm/java-8-openjdk-amd64/jre/lib/amd64/libdt_socket.so
7f8667dfc000-7f8667dfd000 r--p 00003000 08:05 526514                     /usr/lib/jvm/java-8-openjdk-amd64/jre/lib/amd64/libdt_socket.so
7f8667dfd000-7f8667dfe000 rw-p 00004000 08:05 526514                     /usr/lib/jvm/java-8-openjdk-amd64/jre/lib/amd64/libdt_socket.so
7f8667dfe000-7f8667e01000 ---p 00000000 00:00 0 
7f8667e01000-7f8667eff000 rw-p 00000000 00:00 0 
7f8667eff000-7f8667f02000 ---p 00000000 00:00 0 
7f8667f02000-7f8668000000 rw-p 00000000 00:00 0 
7f8668000000-7f8668021000 rw-p 00000000 00:00 0 
7f8668021000-7f866c000000 ---p 00000000 00:00 0 
7f866c08d000-7f866c090000 ---p 00000000 00:00 0 
7f866c090000-7f866c18e000 rw-p 00000000 00:00 0 
7f866c18e000-7f866c18f000 ---p 00000000 00:00 0 
7f866c18f000-7f8674000000 rw-p 00000000 00:00 0 
7f8674000000-7f8674021000 rw-p 00000000 00:00 0 
7f8674021000-7f8678000000 ---p 00000000 00:00 0 
7f8678000000-7f8678021000 rw-p 00000000 00:00 0 
7f8678021000-7f867c000000 ---p 00000000 00:00 0 
7f867c000000-7f867c021000 rw-p 00000000 00:00 0 
7f867c021000-7f8680000000 ---p 00000000 00:00 0 
7f8680000000-7f8680021000 rw-p 00000000 00:00 0 
7f8680021000-7f8684000000 ---p 00000000 00:00 0 
7f8684000000-7f8684021000 rw-p 00000000 00:00 0 
7f8684021000-7f8688000000 ---p 00000000 00:00 0 
7f8688000000-7f8688021000 rw-p 00000000 00:00 0 
7f8688021000-7f868c000000 ---p 00000000 00:00 0 
7f868c000000-7f868c021000 rw-p 00000000 00:00 0 
7f868c021000-7f8690000000 ---p 00000000 00:00 0 
7f8690000000-7f8690021000 rw-p 00000000 00:00 0 
7f8690021000-7f8694000000 ---p 00000000 00:00 0 
7f8694052000-7f8694065000 r--s 00346000 08:05 526586                     /usr/lib/jvm/java-8-openjdk-amd64/jre/lib/resources.jar
7f8694065000-7f8694080000 r--s 001d6000 08:05 526561                     /usr/lib/jvm/java-8-openjdk-amd64/jre/lib/ext/nashorn.jar
7f8694080000-7f8695ae8000 rw-p 00000000 00:00 0 
7f8695ae8000-7f8695cb8000 r--s 03c5f000 08:05 526587                     /usr/lib/jvm/java-8-openjdk-amd64/jre/lib/rt.jar
7f8695cb8000-7f86961ae000 rw-p 00000000 00:00 0 
7f86961ae000-7f869652e000 ---p 00000000 00:00 0 
7f869652e000-7f8696cf5000 rw-p 00000000 00:00 0 
7f8696cf5000-7f8696cf6000 ---p 00000000 00:00 0 
7f8696cf6000-7f8696df6000 rw-p 00000000 00:00 0 
7f8696df6000-7f8696df7000 ---p 00000000 00:00 0 
7f8696df7000-7f8696ef7000 rw-p 00000000 00:00 0 
7f8696ef7000-7f8696ef8000 ---p 00000000 00:00 0 
7f8696ef8000-7f8696ff8000 rw-p 00000000 00:00 0 
7f8696ff8000-7f8696ff9000 ---p 00000000 00:00 0 
7f8696ff9000-7f86970f9000 rw-p 00000000 00:00 0 
7f86970f9000-7f86970fa000 ---p 00000000 00:00 0 
7f86970fa000-7f86971fa000 rw-p 00000000 00:00 0 
7f86971fa000-7f86971fb000 ---p 00000000 00:00 0 
7f86971fb000-7f86972fb000 rw-p 00000000 00:00 0 
7f86972fb000-7f86972fc000 ---p 00000000 00:00 0 
7f86972fc000-7f86973fc000 rw-p 00000000 00:00 0 
7f86973fc000-7f86973fd000 ---p 00000000 00:00 0 
7f86973fd000-7f8697551000 rw-p 00000000 00:00 0 
7f8697551000-7f8697a2d000 ---p 00000000 00:00 0 
7f8697a2d000-7f8697a81000 rw-p 00000000 00:00 0 
7f8697a81000-7f8697f5c000 ---p 00000000 00:00 0 
7f8697f5c000-7f8697f86000 rw-p 00000000 00:00 0 
7f8697f86000-7f86981f4000 ---p 00000000 00:00 0 
7f86981f4000-7f86981ff000 rw-p 00000000 00:00 0 
7f86981ff000-7f86985b5000 ---p 00000000 00:00 0 
7f86985b5000-7f8698825000 rwxp 00000000 00:00 0 
7f8698825000-7f86a75b5000 ---p 00000000 00:00 0 
7f86a75b5000-7f86a75bd000 r-xp 00000000 08:05 526541                     /usr/lib/jvm/java-8-openjdk-amd64/jre/lib/amd64/libzip.so
7f86a75bd000-7f86a77bc000 ---p 00008000 08:05 526541                     /usr/lib/jvm/java-8-openjdk-amd64/jre/lib/amd64/libzip.so
7f86a77bc000-7f86a77bd000 r--p 00007000 08:05 526541                     /usr/lib/jvm/java-8-openjdk-amd64/jre/lib/amd64/libzip.so
7f86a77bd000-7f86a77be000 rw-p 00008000 08:05 526541                     /usr/lib/jvm/java-8-openjdk-amd64/jre/lib/amd64/libzip.so
7f86a77be000-7f86a77c9000 r-xp 00000000 08:05 397721                     /lib/x86_64-linux-gnu/libnss_files-2.27.so
7f86a77c9000-7f86a79c8000 ---p 0000b000 08:05 397721                     /lib/x86_64-linux-gnu/libnss_files-2.27.so
7f86a79c8000-7f86a79c9000 r--p 0000a000 08:05 397721                     /lib/x86_64-linux-gnu/libnss_files-2.27.so
7f86a79c9000-7f86a79ca000 rw-p 0000b000 08:05 397721                     /lib/x86_64-linux-gnu/libnss_files-2.27.so
7f86a79ca000-7f86a79d0000 rw-p 00000000 00:00 0 
7f86a79d0000-7f86a79e7000 r-xp 00000000 08:05 397715                     /lib/x86_64-linux-gnu/libnsl-2.27.so
7f86a79e7000-7f86a7be6000 ---p 00017000 08:05 397715                     /lib/x86_64-linux-gnu/libnsl-2.27.so
7f86a7be6000-7f86a7be7000 r--p 00016000 08:05 397715                     /lib/x86_64-linux-gnu/libnsl-2.27.so
7f86a7be7000-7f86a7be8000 rw-p 00017000 08:05 397715                     /lib/x86_64-linux-gnu/libnsl-2.27.so
7f86a7be8000-7f86a7bea000 rw-p 00000000 00:00 0 
7f86a7bea000-7f86a7bf5000 r-xp 00000000 08:05 397732                     /lib/x86_64-linux-gnu/libnss_nis-2.27.so
7f86a7bf5000-7f86a7df4000 ---p 0000b000 08:05 397732                     /lib/x86_64-linux-gnu/libnss_nis-2.27.so
7f86a7df4000-7f86a7df5000 r--p 0000a000 08:05 397732                     /lib/x86_64-linux-gnu/libnss_nis-2.27.so
7f86a7df5000-7f86a7df6000 rw-p 0000b000 08:05 397732                     /lib/x86_64-linux-gnu/libnss_nis-2.27.so
7f86a7df6000-7f86a7dfe000 r-xp 00000000 08:05 397717                     /lib/x86_64-linux-gnu/libnss_compat-2.27.so
7f86a7dfe000-7f86a7ffe000 ---p 00008000 08:05 397717                     /lib/x86_64-linux-gnu/libnss_compat-2.27.so
7f86a7ffe000-7f86a7fff000 r--p 00008000 08:05 397717                     /lib/x86_64-linux-gnu/libnss_compat-2.27.so
7f86a7fff000-7f86a8000000 rw-p 00009000 08:05 397717                     /lib/x86_64-linux-gnu/libnss_compat-2.27.so
7f86a8000000-7f86a844a000 rw-p 00000000 00:00 0 
7f86a844a000-7f86ac000000 ---p 00000000 00:00 0 
7f86ac00c000-7f86ac011000 r--s 000a3000 08:05 526581                     /usr/lib/jvm/java-8-openjdk-amd64/jre/lib/jsse.jar
7f86ac011000-7f86ac01b000 r-xp 00000000 08:05 526517                     /usr/lib/jvm/java-8-openjdk-amd64/jre/lib/amd64/libinstrument.so
7f86ac01b000-7f86ac21a000 ---p 0000a000 08:05 526517                     /usr/lib/jvm/java-8-openjdk-amd64/jre/lib/amd64/libinstrument.so
7f86ac21a000-7f86ac21b000 r--p 00009000 08:05 526517                     /usr/lib/jvm/java-8-openjdk-amd64/jre/lib/amd64/libinstrument.so
7f86ac21b000-7f86ac21c000 rw-p 0000a000 08:05 526517                     /usr/lib/jvm/java-8-openjdk-amd64/jre/lib/amd64/libinstrument.so
7f86ac21c000-7f86acbeb000 r--p 00000000 08:05 658528                     /usr/lib/locale/locale-archive
7f86acbeb000-7f86acbed000 r-xp 00000000 08:05 526535                     /usr/lib/jvm/java-8-openjdk-amd64/jre/lib/amd64/libnpt.so
7f86acbed000-7f86acded000 ---p 00002000 08:05 526535                     /usr/lib/jvm/java-8-openjdk-amd64/jre/lib/amd64/libnpt.so
7f86acded000-7f86acdee000 r--p 00002000 08:05 526535                     /usr/lib/jvm/java-8-openjdk-amd64/jre/lib/amd64/libnpt.so
7f86acdee000-7f86acdef000 rw-p 00003000 08:05 526535                     /usr/lib/jvm/java-8-openjdk-amd64/jre/lib/amd64/libnpt.so
7f86acdef000-7f86ace2a000 r-xp 00000000 08:05 526527                     /usr/lib/jvm/java-8-openjdk-amd64/jre/lib/amd64/libjdwp.so
7f86ace2a000-7f86ad029000 ---p 0003b000 08:05 526527                     /usr/lib/jvm/java-8-openjdk-amd64/jre/lib/amd64/libjdwp.so
7f86ad029000-7f86ad02a000 r--p 0003a000 08:05 526527                     /usr/lib/jvm/java-8-openjdk-amd64/jre/lib/amd64/libjdwp.so
7f86ad02a000-7f86ad02b000 rw-p 0003b000 08:05 526527                     /usr/lib/jvm/java-8-openjdk-amd64/jre/lib/amd64/libjdwp.so
7f86ad02b000-7f86ad055000 r-xp 00000000 08:05 526522                     /usr/lib/jvm/java-8-openjdk-amd64/jre/lib/amd64/libjava.so
7f86ad055000-7f86ad254000 ---p 0002a000 08:05 526522                     /usr/lib/jvm/java-8-openjdk-amd64/jre/lib/amd64/libjava.so
7f86ad254000-7f86ad255000 r--p 00029000 08:05 526522                     /usr/lib/jvm/java-8-openjdk-amd64/jre/lib/amd64/libjava.so
7f86ad255000-7f86ad257000 rw-p 0002a000 08:05 526522                     /usr/lib/jvm/java-8-openjdk-amd64/jre/lib/amd64/libjava.so
7f86ad257000-7f86ad267000 r-xp 00000000 08:05 526540                     /usr/lib/jvm/java-8-openjdk-amd64/jre/lib/amd64/libverify.so
7f86ad267000-7f86ad466000 ---p 00010000 08:05 526540                     /usr/lib/jvm/java-8-openjdk-amd64/jre/lib/amd64/libverify.so
7f86ad466000-7f86ad468000 r--p 0000f000 08:05 526540                     /usr/lib/jvm/java-8-openjdk-amd64/jre/lib/amd64/libverify.so
7f86ad468000-7f86ad469000 rw-p 00011000 08:05 526540                     /usr/lib/jvm/java-8-openjdk-amd64/jre/lib/amd64/libverify.so
7f86ad469000-7f86ad470000 r-xp 00000000 08:05 397772                     /lib/x86_64-linux-gnu/librt-2.27.so
7f86ad470000-7f86ad66f000 ---p 00007000 08:05 397772                     /lib/x86_64-linux-gnu/librt-2.27.so
7f86ad66f000-7f86ad670000 r--p 00006000 08:05 397772                     /lib/x86_64-linux-gnu/librt-2.27.so
7f86ad670000-7f86ad671000 rw-p 00007000 08:05 397772                     /lib/x86_64-linux-gnu/librt-2.27.so
7f86ad671000-7f86ad688000 r-xp 00000000 08:05 397699                     /lib/x86_64-linux-gnu/libgcc_s.so.1
7f86ad688000-7f86ad887000 ---p 00017000 08:05 397699                     /lib/x86_64-linux-gnu/libgcc_s.so.1
7f86ad887000-7f86ad888000 r--p 00016000 08:05 397699                     /lib/x86_64-linux-gnu/libgcc_s.so.1
7f86ad888000-7f86ad889000 rw-p 00017000 08:05 397699                     /lib/x86_64-linux-gnu/libgcc_s.so.1
7f86ad889000-7f86ada26000 r-xp 00000000 08:05 397694                     /lib/x86_64-linux-gnu/libm-2.27.so
7f86ada26000-7f86adc25000 ---p 0019d000 08:05 397694                     /lib/x86_64-linux-gnu/libm-2.27.so
7f86adc25000-7f86adc26000 r--p 0019c000 08:05 397694                     /lib/x86_64-linux-gnu/libm-2.27.so
7f86adc26000-7f86adc27000 rw-p 0019d000 08:05 397694                     /lib/x86_64-linux-gnu/libm-2.27.so
7f86adc27000-7f86adda0000 r-xp 00000000 08:05 654370                     /usr/lib/x86_64-linux-gnu/libstdc++.so.6.0.25
7f86adda0000-7f86adfa0000 ---p 00179000 08:05 654370                     /usr/lib/x86_64-linux-gnu/libstdc++.so.6.0.25
7f86adfa0000-7f86adfaa000 r--p 00179000 08:05 654370                     /usr/lib/x86_64-linux-gnu/libstdc++.so.6.0.25
7f86adfaa000-7f86adfac000 rw-p 00183000 08:05 654370                     /usr/lib/x86_64-linux-gnu/libstdc++.so.6.0.25
7f86adfac000-7f86adfb0000 rw-p 00000000 00:00 0 
7f86adfb0000-7f86aec52000 r-xp 00000000 08:05 526545                     /usr/lib/jvm/java-8-openjdk-amd64/jre/lib/amd64/server/libjvm.so
7f86aec52000-7f86aee51000 ---p 00ca2000 08:05 526545                     /usr/lib/jvm/java-8-openjdk-amd64/jre/lib/amd64/server/libjvm.so
7f86aee51000-7f86aeee5000 r--p 00ca1000 08:05 526545                     /usr/lib/jvm/java-8-openjdk-amd64/jre/lib/amd64/server/libjvm.so
7f86aeee5000-7f86aef0e000 rw-p 00d35000 08:05 526545                     /usr/lib/jvm/java-8-openjdk-amd64/jre/lib/amd64/server/libjvm.so
7f86aef0e000-7f86aef3e000 rw-p 00000000 00:00 0 
7f86aef3e000-7f86aef58000 r-xp 00000000 08:05 397764                     /lib/x86_64-linux-gnu/libpthread-2.27.so
7f86aef58000-7f86af157000 ---p 0001a000 08:05 397764                     /lib/x86_64-linux-gnu/libpthread-2.27.so
7f86af157000-7f86af158000 r--p 00019000 08:05 397764                     /lib/x86_64-linux-gnu/libpthread-2.27.so
7f86af158000-7f86af159000 rw-p 0001a000 08:05 397764                     /lib/x86_64-linux-gnu/libpthread-2.27.so
7f86af159000-7f86af15d000 rw-p 00000000 00:00 0 
7f86af15d000-7f86af160000 r-xp 00000000 08:05 397654                     /lib/x86_64-linux-gnu/libdl-2.27.so
7f86af160000-7f86af35f000 ---p 00003000 08:05 397654                     /lib/x86_64-linux-gnu/libdl-2.27.so
7f86af35f000-7f86af360000 r--p 00002000 08:05 397654                     /lib/x86_64-linux-gnu/libdl-2.27.so
7f86af360000-7f86af361000 rw-p 00003000 08:05 397654                     /lib/x86_64-linux-gnu/libdl-2.27.so
7f86af361000-7f86af37d000 r-xp 00000000 08:05 397803                     /lib/x86_64-linux-gnu/libz.so.1.2.11
7f86af37d000-7f86af57c000 ---p 0001c000 08:05 397803                     /lib/x86_64-linux-gnu/libz.so.1.2.11
7f86af57c000-7f86af57d000 r--p 0001b000 08:05 397803                     /lib/x86_64-linux-gnu/libz.so.1.2.11
7f86af57d000-7f86af57e000 rw-p 0001c000 08:05 397803                     /lib/x86_64-linux-gnu/libz.so.1.2.11
7f86af57e000-7f86af765000 r-xp 00000000 08:05 397631                     /lib/x86_64-linux-gnu/libc-2.27.so
7f86af765000-7f86af965000 ---p 001e7000 08:05 397631                     /lib/x86_64-linux-gnu/libc-2.27.so
7f86af965000-7f86af969000 r--p 001e7000 08:05 397631                     /lib/x86_64-linux-gnu/libc-2.27.so
7f86af969000-7f86af96b000 rw-p 001eb000 08:05 397631                     /lib/x86_64-linux-gnu/libc-2.27.so
7f86af96b000-7f86af96f000 rw-p 00000000 00:00 0 
7f86af96f000-7f86af97d000 r-xp 00000000 08:05 526508                     /usr/lib/jvm/java-8-openjdk-amd64/jre/lib/amd64/jli/libjli.so
7f86af97d000-7f86afb7c000 ---p 0000e000 08:05 526508                     /usr/lib/jvm/java-8-openjdk-amd64/jre/lib/amd64/jli/libjli.so
7f86afb7c000-7f86afb7d000 r--p 0000d000 08:05 526508                     /usr/lib/jvm/java-8-openjdk-amd64/jre/lib/amd64/jli/libjli.so
7f86afb7d000-7f86afb7e000 rw-p 0000e000 08:05 526508                     /usr/lib/jvm/java-8-openjdk-amd64/jre/lib/amd64/jli/libjli.so
7f86afb7e000-7f86afba5000 r-xp 00000000 08:05 397603                     /lib/x86_64-linux-gnu/ld-2.27.so
7f86afba7000-7f86afba9000 r--s 00016000 08:05 526579                     /usr/lib/jvm/java-8-openjdk-amd64/jre/lib/jce.jar
7f86afba9000-7f86afbac000 r--s 0001f000 08:07 1054788                    /home/grzechu/eclipse/java-2019-12/eclipse/configuration/org.eclipse.osgi/220/0/.cp/lib/javaagent-shaded.jar
7f86afbac000-7f86afbb5000 r--s 000d3000 08:07 1690773                    /home/grzechu/git/sass/java/sqljdbc_6.0.8112.200_enu/sqljdbc_6.0/enu/jre8/sqljdbc42.jar
7f86afbb5000-7f86afbb6000 r--s 00010000 08:05 526565                     /usr/lib/jvm/java-8-openjdk-amd64/jre/lib/ext/zipfs.jar
7f86afbb6000-7f86afbd1000 r--s 00394000 08:05 526556                     /usr/lib/jvm/java-8-openjdk-amd64/jre/lib/ext/cldrdata.jar
7f86afbd1000-7f86afc7a000 rw-p 00000000 00:00 0 
7f86afc7a000-7f86afc7b000 ---p 00000000 00:00 0 
7f86afc7b000-7f86afc7e000 ---p 00000000 00:00 0 
7f86afc7e000-7f86afd7d000 rw-p 00000000 00:00 0 
7f86afd7d000-7f86afd7e000 r--s 0000d000 08:05 526562                     /usr/lib/jvm/java-8-openjdk-amd64/jre/lib/ext/sunec.jar
7f86afd7e000-7f86afd88000 r--s 00116000 08:05 526560                     /usr/lib/jvm/java-8-openjdk-amd64/jre/lib/ext/localedata.jar
7f86afd88000-7f86afd89000 r--s 0000a000 08:05 526559                     /usr/lib/jvm/java-8-openjdk-amd64/jre/lib/ext/jaccess.jar
7f86afd89000-7f86afd8c000 r--s 0000f000 08:05 526558                     /usr/lib/jvm/java-8-openjdk-amd64/jre/lib/ext/icedtea-sound.jar
7f86afd8c000-7f86afd90000 r--s 0003a000 08:05 526564                     /usr/lib/jvm/java-8-openjdk-amd64/jre/lib/ext/sunpkcs11.jar
7f86afd90000-7f86afd92000 r--s 00007000 08:05 948676                     /usr/share/java/java-atk-wrapper.jar
7f86afd92000-7f86afd97000 r--s 0003d000 08:05 526563                     /usr/lib/jvm/java-8-openjdk-amd64/jre/lib/ext/sunjce_provider.jar
7f86afd97000-7f86afd99000 r--s 00001000 08:05 526557                     /usr/lib/jvm/java-8-openjdk-amd64/jre/lib/ext/dnsns.jar
7f86afd99000-7f86afda1000 rw-s 00000000 08:05 261285                     /tmp/hsperfdata_grzechu/7415
7f86afda1000-7f86afda2000 rw-p 00000000 00:00 0 
7f86afda2000-7f86afda3000 ---p 00000000 00:00 0 
7f86afda3000-7f86afda5000 rw-p 00000000 00:00 0 
7f86afda5000-7f86afda6000 r--p 00027000 08:05 397603                     /lib/x86_64-linux-gnu/ld-2.27.so
7f86afda6000-7f86afda7000 rw-p 00028000 08:05 397603                     /lib/x86_64-linux-gnu/ld-2.27.so
7f86afda7000-7f86afda8000 rw-p 00000000 00:00 0 
7ffdeda64000-7ffdeda85000 rw-p 00000000 00:00 0                          [stack]
7ffdedbd1000-7ffdedbd4000 r--p 00000000 00:00 0                          [vvar]
7ffdedbd4000-7ffdedbd6000 r-xp 00000000 00:00 0                          [vdso]
ffffffffff600000-ffffffffff601000 r-xp 00000000 00:00 0                  [vsyscall]

VM Arguments:
jvm_args: -agentlib:jdwp=transport=dt_socket,suspend=y,address=localhost:42227 -javaagent:/home/grzechu/eclipse/java-2019-12/eclipse/configuration/org.eclipse.osgi/220/0/.cp/lib/javaagent-shaded.jar -Dfile.encoding=UTF-8 
java_command: DB_conn_example
java_class_path (initial): /home/grzechu/git/sass/java/DB_conn_example/bin:/home/grzechu/git/sass/java/sqljdbc_6.0.8112.200_enu/sqljdbc_6.0/enu/jre8/sqljdbc42.jar:/home/grzechu/eclipse/java-2019-12/eclipse/configuration/org.eclipse.osgi/220/0/.cp/lib/javaagent-shaded.jar
Launcher Type: SUN_STANDARD

Environment Variables:
PATH=/home/grzechu/.local/bin:/usr/local/sbin:/usr/local/bin:/usr/sbin:/usr/bin:/sbin:/bin:/usr/games:/usr/local/games:/snap/bin
USERNAME=grzechu
SHELL=/bin/bash
DISPLAY=:0

Signal Handlers:
SIGSEGV: [libjvm.so+0xabafd0], sa_mask[0]=11111111011111111101111111111110, sa_flags=SA_RESTART|SA_SIGINFO
SIGBUS: [libjvm.so+0xabafd0], sa_mask[0]=11111111011111111101111111111110, sa_flags=SA_RESTART|SA_SIGINFO
SIGFPE: [libjvm.so+0x8f05b0], sa_mask[0]=11111111011111111101111111111110, sa_flags=SA_RESTART|SA_SIGINFO
SIGPIPE: [libjvm.so+0x8f05b0], sa_mask[0]=11111111011111111101111111111110, sa_flags=SA_RESTART|SA_SIGINFO
SIGXFSZ: [libjvm.so+0x8f05b0], sa_mask[0]=11111111011111111101111111111110, sa_flags=SA_RESTART|SA_SIGINFO
SIGILL: [libjvm.so+0x8f05b0], sa_mask[0]=11111111011111111101111111111110, sa_flags=SA_RESTART|SA_SIGINFO
SIGUSR1: SIG_DFL, sa_mask[0]=00000000000000000000000000000000, sa_flags=none
SIGUSR2: [libjvm.so+0x8f0460], sa_mask[0]=00100000000000000000000000000000, sa_flags=SA_RESTART|SA_SIGINFO
SIGHUP: [libjvm.so+0x8f0ad0], sa_mask[0]=11111111011111111101111111111110, sa_flags=SA_RESTART|SA_SIGINFO
SIGINT: [libjvm.so+0x8f0ad0], sa_mask[0]=11111111011111111101111111111110, sa_flags=SA_RESTART|SA_SIGINFO
SIGTERM: [libjvm.so+0x8f0ad0], sa_mask[0]=11111111011111111101111111111110, sa_flags=SA_RESTART|SA_SIGINFO
SIGQUIT: [libjvm.so+0x8f0ad0], sa_mask[0]=11111111011111111101111111111110, sa_flags=SA_RESTART|SA_SIGINFO


---------------  S Y S T E M  ---------------

OS:DISTRIB_ID=Ubuntu
DISTRIB_RELEASE=18.04
DISTRIB_CODENAME=bionic
DISTRIB_DESCRIPTION="Ubuntu 18.04.3 LTS"

uname:Linux 4.15.0-52-generic #56-Ubuntu SMP Tue Jun 4 22:49:08 UTC 2019 x86_64
libc:glibc 2.27 NPTL 2.27 
rlimit: STACK 8192k, CORE 0k, NPROC 63446, NOFILE 4096, AS infinity
load average:0.51 0.62 0.60

/proc/meminfo:
MemTotal:       16305952 kB
MemFree:        10174536 kB
MemAvailable:   11787932 kB
Buffers:          173304 kB
Cached:          2316400 kB
SwapCached:            0 kB
Active:          4048188 kB
Inactive:        1694064 kB
Active(anon):    3254324 kB
Inactive(anon):   681068 kB
Active(file):     793864 kB
Inactive(file):  1012996 kB
Unevictable:          48 kB
Mlocked:              48 kB
SwapTotal:      11717628 kB
SwapFree:       11717628 kB
Dirty:              1124 kB
Writeback:             0 kB
AnonPages:       3252680 kB
Mapped:           766464 kB
Shmem:            682852 kB
Slab:             188860 kB
SReclaimable:     118372 kB
SUnreclaim:        70488 kB
KernelStack:       20928 kB
PageTables:        70324 kB
NFS_Unstable:          0 kB
Bounce:                0 kB
WritebackTmp:          0 kB
CommitLimit:    19870604 kB
Committed_AS:   11559284 kB
VmallocTotal:   34359738367 kB
VmallocUsed:           0 kB
VmallocChunk:          0 kB
HardwareCorrupted:     0 kB
AnonHugePages:         0 kB
ShmemHugePages:        0 kB
ShmemPmdMapped:        0 kB
CmaTotal:              0 kB
CmaFree:               0 kB
HugePages_Total:       0
HugePages_Free:        0
HugePages_Rsvd:        0
HugePages_Surp:        0
Hugepagesize:       2048 kB
DirectMap4k:      290256 kB
DirectMap2M:     9027584 kB
DirectMap1G:     7340032 kB

container (cgroup) information:
container_type: cgroupv1
cpu_cpuset_cpus: 0-7
cpu_memory_nodes: 0
active_processor_count: 8
cpu_quota: -1
cpu_period: 100000
cpu_shares: -1
memory_limit_in_bytes: -1
memory_and_swap_limit_in_bytes: -2
memory_soft_limit_in_bytes: -1
memory_usage_in_bytes: 5880360960
memory_max_usage_in_bytes: 0


CPU:total 8 (initial active 8) (4 cores per cpu, 2 threads per core) family 6 model 60 stepping 3, cmov, cx8, fxsr, mmx, sse, sse2, sse3, ssse3, sse4.1, sse4.2, popcnt, avx, avx2, aes, clmul, erms, lzcnt, ht, tsc, tscinvbit, bmi1, bmi2

/proc/cpuinfo:
processor	: 0
vendor_id	: GenuineIntel
cpu family	: 6
model		: 60
model name	: Intel(R) Core(TM) i7-4700HQ CPU @ 2.40GHz
stepping	: 3
microcode	: 0x27
cpu MHz		: 3264.368
cache size	: 6144 KB
physical id	: 0
siblings	: 8
core id		: 0
cpu cores	: 4
apicid		: 0
initial apicid	: 0
fpu		: yes
fpu_exception	: yes
cpuid level	: 13
wp		: yes
flags		: fpu vme de pse tsc msr pae mce cx8 apic sep mtrr pge mca cmov pat pse36 clflush dts acpi mmx fxsr sse sse2 ss ht tm pbe syscall nx pdpe1gb rdtscp lm constant_tsc arch_perfmon pebs bts rep_good nopl xtopology nonstop_tsc cpuid aperfmperf pni pclmulqdq dtes64 monitor ds_cpl vmx est tm2 ssse3 sdbg fma cx16 xtpr pdcm pcid sse4_1 sse4_2 x2apic movbe popcnt tsc_deadline_timer aes xsave avx f16c rdrand lahf_lm abm cpuid_fault epb invpcid_single pti ssbd ibrs ibpb stibp tpr_shadow vnmi flexpriority ept vpid fsgsbase tsc_adjust bmi1 avx2 smep bmi2 erms invpcid xsaveopt dtherm ida arat pln pts md_clear flush_l1d
bugs		: cpu_meltdown spectre_v1 spectre_v2 spec_store_bypass l1tf mds
bogomips	: 4789.10
clflush size	: 64
cache_alignment	: 64
address sizes	: 39 bits physical, 48 bits virtual
power management:

processor	: 1
vendor_id	: GenuineIntel
cpu family	: 6
model		: 60
model name	: Intel(R) Core(TM) i7-4700HQ CPU @ 2.40GHz
stepping	: 3
microcode	: 0x27
cpu MHz		: 3189.373
cache size	: 6144 KB
physical id	: 0
siblings	: 8
core id		: 1
cpu cores	: 4
apicid		: 2
initial apicid	: 2
fpu		: yes
fpu_exception	: yes
cpuid level	: 13
wp		: yes
flags		: fpu vme de pse tsc msr pae mce cx8 apic sep mtrr pge mca cmov pat pse36 clflush dts acpi mmx fxsr sse sse2 ss ht tm pbe syscall nx pdpe1gb rdtscp lm constant_tsc arch_perfmon pebs bts rep_good nopl xtopology nonstop_tsc cpuid aperfmperf pni pclmulqdq dtes64 monitor ds_cpl vmx est tm2 ssse3 sdbg fma cx16 xtpr pdcm pcid sse4_1 sse4_2 x2apic movbe popcnt tsc_deadline_timer aes xsave avx f16c rdrand lahf_lm abm cpuid_fault epb invpcid_single pti ssbd ibrs ibpb stibp tpr_shadow vnmi flexpriority ept vpid fsgsbase tsc_adjust bmi1 avx2 smep bmi2 erms invpcid xsaveopt dtherm ida arat pln pts md_clear flush_l1d
bugs		: cpu_meltdown spectre_v1 spectre_v2 spec_store_bypass l1tf mds
bogomips	: 4789.10
clflush size	: 64
cache_alignment	: 64
address sizes	: 39 bits physical, 48 bits virtual
power management:

processor	: 2
vendor_id	: GenuineIntel
cpu family	: 6
model		: 60
model name	: Intel(R) Core(TM) i7-4700HQ CPU @ 2.40GHz
stepping	: 3
microcode	: 0x27
cpu MHz		: 3144.881
cache size	: 6144 KB
physical id	: 0
siblings	: 8
core id		: 2
cpu cores	: 4
apicid		: 4
initial apicid	: 4
fpu		: yes
fpu_exception	: yes
cpuid level	: 13
wp		: yes
flags		: fpu vme de pse tsc msr pae mce cx8 apic sep mtrr pge mca cmov pat pse36 clflush dts acpi mmx fxsr sse sse2 ss ht tm pbe syscall nx pdpe1gb rdtscp lm constant_tsc arch_perfmon pebs bts rep_good nopl xtopology nonstop_tsc cpuid aperfmperf pni pclmulqdq dtes64 monitor ds_cpl vmx est tm2 ssse3 sdbg fma cx16 xtpr pdcm pcid sse4_1 sse4_2 x2apic movbe popcnt tsc_deadline_timer aes xsave avx f16c rdrand lahf_lm abm cpuid_fault epb invpcid_single pti ssbd ibrs ibpb stibp tpr_shadow vnmi flexpriority ept vpid fsgsbase tsc_adjust bmi1 avx2 smep bmi2 erms invpcid xsaveopt dtherm ida arat pln pts md_clear flush_l1d
bugs		: cpu_meltdown spectre_v1 spectre_v2 spec_store_bypass l1tf mds
bogomips	: 4789.10
clflush size	: 64
cache_alignment	: 64
address sizes	: 39 bits physical, 48 bits virtual
power management:

processor	: 3
vendor_id	: GenuineIntel
cpu family	: 6
model		: 60
model name	: Intel(R) Core(TM) i7-4700HQ CPU @ 2.40GHz
stepping	: 3
microcode	: 0x27
cpu MHz		: 3192.903
cache size	: 6144 KB
physical id	: 0
siblings	: 8
core id		: 3
cpu cores	: 4
apicid		: 6
initial apicid	: 6
fpu		: yes
fpu_exception	: yes
cpuid level	: 13
wp		: yes
flags		: fpu vme de pse tsc msr pae mce cx8 apic sep mtrr pge mca cmov pat pse36 clflush dts acpi mmx fxsr sse sse2 ss ht tm pbe syscall nx pdpe1gb rdtscp lm constant_tsc arch_perfmon pebs bts rep_good nopl xtopology nonstop_tsc cpuid aperfmperf pni pclmulqdq dtes64 monitor ds_cpl vmx est tm2 ssse3 sdbg fma cx16 xtpr pdcm pcid sse4_1 sse4_2 x2apic movbe popcnt tsc_deadline_timer aes xsave avx f16c rdrand lahf_lm abm cpuid_fault epb invpcid_single pti ssbd ibrs ibpb stibp tpr_shadow vnmi flexpriority ept vpid fsgsbase tsc_adjust bmi1 avx2 smep bmi2 erms invpcid xsaveopt dtherm ida arat pln pts md_clear flush_l1d
bugs		: cpu_meltdown spectre_v1 spectre_v2 spec_store_bypass l1tf mds
bogomips	: 4789.10
clflush size	: 64
cache_alignment	: 64
address sizes	: 39 bits physical, 48 bits virtual
power management:

processor	: 4
vendor_id	: GenuineIntel
cpu family	: 6
model		: 60
model name	: Intel(R) Core(TM) i7-4700HQ CPU @ 2.40GHz
stepping	: 3
microcode	: 0x27
cpu MHz		: 3089.872
cache size	: 6144 KB
physical id	: 0
siblings	: 8
core id		: 0
cpu cores	: 4
apicid		: 1
initial apicid	: 1
fpu		: yes
fpu_exception	: yes
cpuid level	: 13
wp		: yes
flags		: fpu vme de pse tsc msr pae mce cx8 apic sep mtrr pge mca cmov pat pse36 clflush dts acpi mmx fxsr sse sse2 ss ht tm pbe syscall nx pdpe1gb rdtscp lm constant_tsc arch_perfmon pebs bts rep_good nopl xtopology nonstop_tsc cpuid aperfmperf pni pclmulqdq dtes64 monitor ds_cpl vmx est tm2 ssse3 sdbg fma cx16 xtpr pdcm pcid sse4_1 sse4_2 x2apic movbe popcnt tsc_deadline_timer aes xsave avx f16c rdrand lahf_lm abm cpuid_fault epb invpcid_single pti ssbd ibrs ibpb stibp tpr_shadow vnmi flexpriority ept vpid fsgsbase tsc_adjust bmi1 avx2 smep bmi2 erms invpcid xsaveopt dtherm ida arat pln pts md_clear flush_l1d
bugs		: cpu_meltdown spectre_v1 spectre_v2 spec_store_bypass l1tf mds
bogomips	: 4789.10
clflush size	: 64
cache_alignment	: 64
address sizes	: 39 bits physical, 48 bits virtual
power management:

processor	: 5
vendor_id	: GenuineIntel
cpu family	: 6
model		: 60
model name	: Intel(R) Core(TM) i7-4700HQ CPU @ 2.40GHz
stepping	: 3
microcode	: 0x27
cpu MHz		: 3182.978
cache size	: 6144 KB
physical id	: 0
siblings	: 8
core id		: 1
cpu cores	: 4
apicid		: 3
initial apicid	: 3
fpu		: yes
fpu_exception	: yes
cpuid level	: 13
wp		: yes
flags		: fpu vme de pse tsc msr pae mce cx8 apic sep mtrr pge mca cmov pat pse36 clflush dts acpi mmx fxsr sse sse2 ss ht tm pbe syscall nx pdpe1gb rdtscp lm constant_tsc arch_perfmon pebs bts rep_good nopl xtopology nonstop_tsc cpuid aperfmperf pni pclmulqdq dtes64 monitor ds_cpl vmx est tm2 ssse3 sdbg fma cx16 xtpr pdcm pcid sse4_1 sse4_2 x2apic movbe popcnt tsc_deadline_timer aes xsave avx f16c rdrand lahf_lm abm cpuid_fault epb invpcid_single pti ssbd ibrs ibpb stibp tpr_shadow vnmi flexpriority ept vpid fsgsbase tsc_adjust bmi1 avx2 smep bmi2 erms invpcid xsaveopt dtherm ida arat pln pts md_clear flush_l1d
bugs		: cpu_meltdown spectre_v1 spectre_v2 spec_store_bypass l1tf mds
bogomips	: 4789.10
clflush size	: 64
cache_alignment	: 64
address sizes	: 39 bits physical, 48 bits virtual
power management:

processor	: 6
vendor_id	: GenuineIntel
cpu family	: 6
model		: 60
model name	: Intel(R) Core(TM) i7-4700HQ CPU @ 2.40GHz
stepping	: 3
microcode	: 0x27
cpu MHz		: 3117.888
cache size	: 6144 KB
physical id	: 0
siblings	: 8
core id		: 2
cpu cores	: 4
apicid		: 5
initial apicid	: 5
fpu		: yes
fpu_exception	: yes
cpuid level	: 13
wp		: yes
flags		: fpu vme de pse tsc msr pae mce cx8 apic sep mtrr pge mca cmov pat pse36 clflush dts acpi mmx fxsr sse sse2 ss ht tm pbe syscall nx pdpe1gb rdtscp lm constant_tsc arch_perfmon pebs bts rep_good nopl xtopology nonstop_tsc cpuid aperfmperf pni pclmulqdq dtes64 monitor ds_cpl vmx est tm2 ssse3 sdbg fma cx16 xtpr pdcm pcid sse4_1 sse4_2 x2apic movbe popcnt tsc_deadline_timer aes xsave avx f16c rdrand lahf_lm abm cpuid_fault epb invpcid_single pti ssbd ibrs ibpb stibp tpr_shadow vnmi flexpriority ept vpid fsgsbase tsc_adjust bmi1 avx2 smep bmi2 erms invpcid xsaveopt dtherm ida arat pln pts md_clear flush_l1d
bugs		: cpu_meltdown spectre_v1 spectre_v2 spec_store_bypass l1tf mds
bogomips	: 4789.10
clflush size	: 64
cache_alignment	: 64
address sizes	: 39 bits physical, 48 bits virtual
power management:

processor	: 7
vendor_id	: GenuineIntel
cpu family	: 6
model		: 60
model name	: Intel(R) Core(TM) i7-4700HQ CPU @ 2.40GHz
stepping	: 3
microcode	: 0x27
cpu MHz		: 3186.030
cache size	: 6144 KB
physical id	: 0
siblings	: 8
core id		: 3
cpu cores	: 4
apicid		: 7
initial apicid	: 7
fpu		: yes
fpu_exception	: yes
cpuid level	: 13
wp		: yes
flags		: fpu vme de pse tsc msr pae mce cx8 apic sep mtrr pge mca cmov pat pse36 clflush dts acpi mmx fxsr sse sse2 ss ht tm pbe syscall nx pdpe1gb rdtscp lm constant_tsc arch_perfmon pebs bts rep_good nopl xtopology nonstop_tsc cpuid aperfmperf pni pclmulqdq dtes64 monitor ds_cpl vmx est tm2 ssse3 sdbg fma cx16 xtpr pdcm pcid sse4_1 sse4_2 x2apic movbe popcnt tsc_deadline_timer aes xsave avx f16c rdrand lahf_lm abm cpuid_fault epb invpcid_single pti ssbd ibrs ibpb stibp tpr_shadow vnmi flexpriority ept vpid fsgsbase tsc_adjust bmi1 avx2 smep bmi2 erms invpcid xsaveopt dtherm ida arat pln pts md_clear flush_l1d
bugs		: cpu_meltdown spectre_v1 spectre_v2 spec_store_bypass l1tf mds
bogomips	: 4789.10
clflush size	: 64
cache_alignment	: 64
address sizes	: 39 bits physical, 48 bits virtual
power management:



Memory: 4k page, physical 16305952k(10174536k free), swap 11717628k(11717628k free)

vm_info: OpenJDK 64-Bit Server VM (25.232-b09) for linux-amd64 JRE (1.8.0_232-8u232-b09-0ubuntu1~18.04.1-b09), built on Oct 16 2019 20:38:15 by "buildd" with gcc 7.4.0

time: Fri Jan 24 15:50:28 2020
timezone: CST
elapsed time: 117 seconds (0d 0h 1m 57s)

